\BOOKMARK [0][-]{Index.0}{Contents}{}% 1
\BOOKMARK [0][-]{chapter.1}{Exams notes}{}% 2
\BOOKMARK [1][-]{section.1.1}{CZ-growth}{chapter.1}% 3
\BOOKMARK [2][-]{subsection.1.1.1}{Doping concetration in the ingot}{section.1.1}% 4
\BOOKMARK [2][-]{subsection.1.1.2}{Maximum pulling rate}{section.1.1}% 5
\BOOKMARK [1][-]{section.1.2}{Deal-Grove model}{chapter.1}% 6
\BOOKMARK [1][-]{section.1.3}{CVD}{chapter.1}% 7
\BOOKMARK [2][-]{subsection.1.3.1}{Regimes}{section.1.3}% 8
\BOOKMARK [2][-]{subsection.1.3.2}{APCVD rate}{section.1.3}% 9
\BOOKMARK [2][-]{subsection.1.3.3}{LPCVD}{section.1.3}% 10
\BOOKMARK [1][-]{section.1.4}{PVD}{chapter.1}% 11
\BOOKMARK [2][-]{subsection.1.4.1}{Evaporation from small source}{section.1.4}% 12
\BOOKMARK [1][-]{section.1.5}{Etch rate}{chapter.1}% 13
\BOOKMARK [2][-]{subsection.1.5.1}{Linear model}{section.1.5}% 14
\BOOKMARK [2][-]{subsection.1.5.2}{Ion enanched}{section.1.5}% 15
\BOOKMARK [1][-]{section.1.6}{Dopants diffusion analytic solutions}{chapter.1}% 16
\BOOKMARK [2][-]{subsection.1.6.1}{Delta function in doped region}{section.1.6}% 17
\BOOKMARK [2][-]{subsection.1.6.2}{Delta function near a surface}{section.1.6}% 18
\BOOKMARK [2][-]{subsection.1.6.3}{From an infinite source of dopant in silicon}{section.1.6}% 19
\BOOKMARK [2][-]{subsection.1.6.4}{From an infinite source of dopant at surface}{section.1.6}% 20
\BOOKMARK [1][-]{section.1.7}{Ion implant}{chapter.1}% 21
\BOOKMARK [2][-]{subsection.1.7.1}{Stopping mechanism}{section.1.7}% 22
\BOOKMARK [2][-]{subsection.1.7.2}{Range and +1 model}{section.1.7}% 23
\BOOKMARK [2][-]{subsection.1.7.3}{With dopant diffusion}{section.1.7}% 24
\BOOKMARK [2][-]{subsection.1.7.4}{Diffusion length of dopants and supersaturation of I}{section.1.7}% 25
\BOOKMARK [2][-]{subsection.1.7.5}{Analyser; tune for B}{section.1.7}% 26
\BOOKMARK [1][-]{section.1.8}{Lito}{chapter.1}% 27
\BOOKMARK [2][-]{subsection.1.8.1}{Resoution limit}{section.1.8}% 28
\BOOKMARK [2][-]{subsection.1.8.2}{Contrast value}{section.1.8}% 29
\BOOKMARK [1][-]{section.1.9}{Back end}{chapter.1}% 30
\BOOKMARK [2][-]{subsection.1.9.1}{Technology scaling; propagation delay}{section.1.9}% 31
\BOOKMARK [2][-]{subsection.1.9.2}{Electromigration}{section.1.9}% 32
\BOOKMARK [0][-]{chapter.2}{Theory questions}{}% 33
\BOOKMARK [0][-]{chapter.3}{Hand-Notes}{}% 34
